<?xml version="1.0" encoding="utf-8"?><testsuites name="pytest tests"><testsuite name="pytest" errors="0" failures="0" skipped="0" tests="15" time="3.824" timestamp="2026-04-09T16:06:13.613136+00:00" hostname="agent-env-ac2af409-ef30-4ed0-9be7-22d18b189e42"><testcase classname="backend.tests.test_final_control_trust_lock.TestCreed2ProjectionMatrixMatch" name="test_projection_matrix_net_per_month_match" time="0.336" /><testcase classname="backend.tests.test_final_control_trust_lock.TestCreed2ProjectionMatrixMatch" name="test_projection_matrix_total_net_match" time="0.114" /><testcase classname="backend.tests.test_final_control_trust_lock.TestCreed2ProjectionMatrixMatch" name="test_revenue_minus_cost_equals_net" time="0.051" /><testcase classname="backend.tests.test_final_control_trust_lock.TestCreed2ProjectionMatrixMatch" name="test_24m_horizon_projection_matrix_match" time="0.125" /><testcase classname="backend.tests.test_final_control_trust_lock.TestCreed2ProjectionMatrixMatch" name="test_cash_now_matches" time="0.110" /><testcase classname="backend.tests.test_final_control_trust_lock.TestSSOTBackendTotals" name="test_matrix_includes_total_revenue_cost_net" time="0.050" /><testcase classname="backend.tests.test_final_control_trust_lock.TestSSOTBackendTotals" name="test_matrix_rows_include_row_total" time="0.068" /><testcase classname="backend.tests.test_final_control_trust_lock.TestVarianceTracking" name="test_variance_summary_returns_required_fields" time="0.123" /><testcase classname="backend.tests.test_final_control_trust_lock.TestUndoSystem" name="test_undo_record_actual_carry_forward_zero_residual" time="0.485" /><testcase classname="backend.tests.test_final_control_trust_lock.TestUndoSystem" name="test_undo_write_off_variance" time="0.353" /><testcase classname="backend.tests.test_final_control_trust_lock.TestUndoSystem" name="test_undo_parent_edit_with_linked_children" time="0.408" /><testcase classname="backend.tests.test_final_control_trust_lock.TestUndoSystem" name="test_undo_delete_with_orphan_children" time="0.473" /><testcase classname="backend.tests.test_final_control_trust_lock.TestUndoSystem" name="test_undo_multi_step_chain_zero_drift" time="0.677" /><testcase classname="backend.tests.test_final_control_trust_lock.TestDistributedFlowsWithLinkedChildren" name="test_distributed_revenue_with_linked_cogs" time="0.198" /><testcase classname="backend.tests.test_final_control_trust_lock.TestEntityFiltering" name="test_entity_filter_changes_matrix_totals" time="0.158" /></testsuite></testsuites>