<?xml version="1.0" encoding="utf-8"?><testsuites name="pytest tests"><testsuite name="pytest" errors="0" failures="0" skipped="0" tests="25" time="4.475" timestamp="2026-04-09T17:17:37.152817+00:00" hostname="agent-env-ac2af409-ef30-4ed0-9be7-22d18b189e42"><testcase classname="backend.tests.test_decision_ready_features.TestSourceTagging" name="test_create_flow_default_source_type_manual" time="0.241" /><testcase classname="backend.tests.test_decision_ready_features.TestSourceTagging" name="test_create_flow_explicit_manual_source" time="0.130" /><testcase classname="backend.tests.test_decision_ready_features.TestSourceTagging" name="test_create_flow_deal_source_with_id" time="0.101" /><testcase classname="backend.tests.test_decision_ready_features.TestSourceTagging" name="test_source_tagging_does_not_affect_projection" time="0.670" /><testcase classname="backend.tests.test_decision_ready_features.TestFlowPriority" name="test_create_flow_with_priority_critical" time="0.098" /><testcase classname="backend.tests.test_decision_ready_features.TestFlowPriority" name="test_create_flow_with_priority_flexible" time="0.108" /><testcase classname="backend.tests.test_decision_ready_features.TestFlowPriority" name="test_create_flow_with_priority_strategic" time="0.105" /><testcase classname="backend.tests.test_decision_ready_features.TestFlowPriority" name="test_update_flow_priority" time="0.214" /><testcase classname="backend.tests.test_decision_ready_features.TestFlowPriority" name="test_priority_in_matrix_rows" time="0.157" /><testcase classname="backend.tests.test_decision_ready_features.TestFlowPriority" name="test_priority_does_not_affect_projection" time="0.277" /><testcase classname="backend.tests.test_decision_ready_features.TestTopDrivers" name="test_drivers_endpoint_returns_negative_months" time="0.056" /><testcase classname="backend.tests.test_decision_ready_features.TestTopDrivers" name="test_drivers_structure" time="0.152" /><testcase classname="backend.tests.test_decision_ready_features.TestTopDrivers" name="test_drivers_aggregated_by_label" time="0.361" /><testcase classname="backend.tests.test_decision_ready_features.TestTopDrivers" name="test_drivers_only_negative_contributors" time="0.260" /><testcase classname="backend.tests.test_decision_ready_features.TestScenarioDelta" name="test_scenario_delta_endpoint" time="0.054" /><testcase classname="backend.tests.test_decision_ready_features.TestScenarioDelta" name="test_scenario_delta_structure" time="0.062" /><testcase classname="backend.tests.test_decision_ready_features.TestScenarioDelta" name="test_scenario_delta_gap_calculation" time="0.167" /><testcase classname="backend.tests.test_decision_ready_features.TestScenarioDelta" name="test_scenario_delta_total_gap" time="0.050" /><testcase classname="backend.tests.test_decision_ready_features.TestCashRunway" name="test_runway_endpoint" time="0.059" /><testcase classname="backend.tests.test_decision_ready_features.TestCashRunway" name="test_runway_structure" time="0.050" /><testcase classname="backend.tests.test_decision_ready_features.TestCashRunway" name="test_runway_safe_when_no_breach" time="0.052" /><testcase classname="backend.tests.test_decision_ready_features.TestCashRunway" name="test_runway_breach_detection" time="0.162" /><testcase classname="backend.tests.test_decision_ready_features.TestVarianceSummary" name="test_variance_summary_endpoint" time="0.046" /><testcase classname="backend.tests.test_decision_ready_features.TestVarianceSummary" name="test_variance_summary_with_actuals" time="0.249" /><testcase classname="backend.tests.test_decision_ready_features.TestCreed2Regression" name="test_projection_matrix_match" time="0.516" /></testsuite></testsuites>