<?xml version="1.0" encoding="utf-8"?><testsuites name="pytest tests"><testsuite name="pytest" errors="0" failures="0" skipped="0" tests="21" time="6.709" timestamp="2026-04-09T12:26:33.113090+00:00" hostname="agent-env-ac2af409-ef30-4ed0-9be7-22d18b189e42"><testcase classname="backend.tests.test_cash_piloting.TestProjectionEngine" name="test_projection_horizon_12_months" time="0.271" /><testcase classname="backend.tests.test_cash_piloting.TestProjectionEngine" name="test_projection_horizon_24_months" time="0.116" /><testcase classname="backend.tests.test_cash_piloting.TestProjectionEngine" name="test_projection_horizon_36_months" time="0.109" /><testcase classname="backend.tests.test_cash_piloting.TestProjectionEngine" name="test_projection_response_structure" time="0.114" /><testcase classname="backend.tests.test_cash_piloting.TestProjectionEngine" name="test_projection_month_structure" time="0.112" /><testcase classname="backend.tests.test_cash_piloting.TestProjectionEngine" name="test_projection_with_scenario_filter" time="0.530" /><testcase classname="backend.tests.test_cash_piloting.TestEntityCRUD" name="test_get_entities" time="0.110" /><testcase classname="backend.tests.test_cash_piloting.TestEntityCRUD" name="test_create_and_delete_entity" time="0.513" /><testcase classname="backend.tests.test_cash_piloting.TestBankAccountCRUD" name="test_get_bank_accounts" time="0.109" /><testcase classname="backend.tests.test_cash_piloting.TestBankAccountCRUD" name="test_create_update_delete_bank_account" time="0.548" /><testcase classname="backend.tests.test_cash_piloting.TestCashFlowCRUD" name="test_get_cash_flows" time="0.106" /><testcase classname="backend.tests.test_cash_piloting.TestCashFlowCRUD" name="test_create_simple_cash_flow" time="0.541" /><testcase classname="backend.tests.test_cash_piloting.TestCashFlowCRUD" name="test_get_cash_flows_with_linked" time="0.106" /><testcase classname="backend.tests.test_cash_piloting.TestLinkedFlows" name="test_batch_create_parent_with_linked_child" time="0.716" /><testcase classname="backend.tests.test_cash_piloting.TestLinkedFlows" name="test_parent_update_propagates_to_children" time="0.898" /><testcase classname="backend.tests.test_cash_piloting.TestLinkedFlows" name="test_parent_update_propagates_certainty" time="0.914" /><testcase classname="backend.tests.test_cash_piloting.TestMonthDetails" name="test_get_month_details" time="0.109" /><testcase classname="backend.tests.test_cash_piloting.TestMonthDetails" name="test_month_details_with_scenario" time="0.125" /><testcase classname="backend.tests.test_cash_piloting.TestSettings" name="test_get_settings" time="0.101" /><testcase classname="backend.tests.test_cash_piloting.TestSettings" name="test_update_settings" time="0.339" /><testcase classname="backend.tests.test_cash_piloting.TestAPIHealth" name="test_api_root" time="0.111" /></testsuite></testsuites>