<?xml version="1.0" encoding="utf-8"?><testsuites name="pytest tests"><testsuite name="pytest" errors="0" failures="0" skipped="0" tests="24" time="12.147" timestamp="2026-04-09T14:47:59.846550+00:00" hostname="agent-env-ac2af409-ef30-4ed0-9be7-22d18b189e42"><testcase classname="backend.tests.test_phase3_audit.TestMatrixCellsWithActuals" name="test_matrix_cells_have_has_actual_field" time="0.877" /><testcase classname="backend.tests.test_phase3_audit.TestMatrixCellsWithActuals" name="test_matrix_cells_show_actual_and_planned_when_recorded" time="0.944" /><testcase classname="backend.tests.test_phase3_audit.TestMatrixNetMatchesProjectionNet" name="test_matrix_net_exactly_matches_projection_net_12m" time="0.240" /><testcase classname="backend.tests.test_phase3_audit.TestMatrixNetMatchesProjectionNet" name="test_matrix_net_exactly_matches_projection_net_24m" time="0.273" /><testcase classname="backend.tests.test_phase3_audit.TestRecordActualCarryForwardWriteOff" name="test_carry_forward_creates_carryover_flow" time="1.056" /><testcase classname="backend.tests.test_phase3_audit.TestRecordActualCarryForwardWriteOff" name="test_write_off_does_not_create_carryover" time="1.910" /><testcase classname="backend.tests.test_phase3_audit.TestDeleteFlowOccurrenceClearsActual" name="test_delete_occurrence_clears_actual_and_removes_carryover" time="1.117" /><testcase classname="backend.tests.test_phase3_audit.TestActualReplacesPlannedInProjection" name="test_projection_uses_actual_instead_of_planned" time="0.918" /><testcase classname="backend.tests.test_phase3_audit.TestUndoStillWorks" name="test_undo_create_works" time="0.683" /><testcase classname="backend.tests.test_phase3_audit.TestUndoStillWorks" name="test_undo_edit_works" time="0.920" /><testcase classname="backend.tests.test_phase3_audit.TestUndoStillWorks" name="test_undo_delete_works" time="0.961" /><testcase classname="backend.tests.test_phase3_audit.TestUndoStillWorks" name="test_undo_batch_works" time="0.737" /><testcase classname="backend.tests.test_phase3_audit.TestNoLegacyPaidUnpaidStatus" name="test_flow_occurrences_no_status_field" time="0.111" /><testcase classname="backend.tests.test_phase3_audit.TestNoLegacyPaidUnpaidStatus" name="test_month_details_no_status_field" time="0.112" /><testcase classname="backend.tests.test_phase3_audit.TestExpandRecurringFlowsNoUnpaidSet" name="test_projection_works_without_unpaid_set" time="0.131" /><testcase classname="backend.tests.test_phase3_audit.TestExpandRecurringFlowsNoUnpaidSet" name="test_matrix_works_without_unpaid_set" time="0.138" /><testcase classname="backend.tests.test_phase3_audit.TestAPIEndpointsExist" name="test_projection_endpoint_exists" time="0.119" /><testcase classname="backend.tests.test_phase3_audit.TestAPIEndpointsExist" name="test_projection_matrix_endpoint_exists" time="0.124" /><testcase classname="backend.tests.test_phase3_audit.TestAPIEndpointsExist" name="test_flow_occurrences_get_endpoint_exists" time="0.098" /><testcase classname="backend.tests.test_phase3_audit.TestAPIEndpointsExist" name="test_flow_occurrences_put_endpoint_exists" time="0.102" /><testcase classname="backend.tests.test_phase3_audit.TestAPIEndpointsExist" name="test_flow_occurrences_delete_endpoint_exists" time="0.109" /><testcase classname="backend.tests.test_phase3_audit.TestAPIEndpointsExist" name="test_undo_peek_endpoint_exists" time="0.112" /><testcase classname="backend.tests.test_phase3_audit.TestAPIEndpointsExist" name="test_undo_endpoint_exists" time="0.117" /><testcase classname="backend.tests.test_phase3_audit.TestAPIEndpointsExist" name="test_cash_flows_with_linked_endpoint_exists" time="0.133" /></testsuite></testsuites>