<?xml version="1.0" encoding="utf-8"?><testsuites name="pytest tests"><testsuite name="pytest" errors="0" failures="0" skipped="0" tests="37" time="87.238" timestamp="2026-04-09T12:50:30.118932+00:00" hostname="agent-env-ac2af409-ef30-4ed0-9be7-22d18b189e42"><testcase classname="backend.tests.test_cash_piloting.TestProjectionEngine" name="test_projection_horizon_12_months" time="0.137" /><testcase classname="backend.tests.test_cash_piloting.TestProjectionEngine" name="test_projection_horizon_24_months" time="0.122" /><testcase classname="backend.tests.test_cash_piloting.TestProjectionEngine" name="test_projection_horizon_36_months" time="0.114" /><testcase classname="backend.tests.test_cash_piloting.TestProjectionEngine" name="test_projection_response_structure" time="0.117" /><testcase classname="backend.tests.test_cash_piloting.TestProjectionEngine" name="test_projection_month_structure" time="0.117" /><testcase classname="backend.tests.test_cash_piloting.TestProjectionEngine" name="test_projection_with_scenario_filter" time="0.469" /><testcase classname="backend.tests.test_cash_piloting.TestEntityCRUD" name="test_get_entities" time="0.099" /><testcase classname="backend.tests.test_cash_piloting.TestEntityCRUD" name="test_create_and_delete_entity" time="0.454" /><testcase classname="backend.tests.test_cash_piloting.TestBankAccountCRUD" name="test_get_bank_accounts" time="0.124" /><testcase classname="backend.tests.test_cash_piloting.TestBankAccountCRUD" name="test_create_update_delete_bank_account" time="0.536" /><testcase classname="backend.tests.test_cash_piloting.TestCashFlowCRUD" name="test_get_cash_flows" time="0.133" /><testcase classname="backend.tests.test_cash_piloting.TestCashFlowCRUD" name="test_create_simple_cash_flow" time="0.629" /><testcase classname="backend.tests.test_cash_piloting.TestCashFlowCRUD" name="test_get_cash_flows_with_linked" time="0.102" /><testcase classname="backend.tests.test_cash_piloting.TestLinkedFlows" name="test_batch_create_parent_with_linked_child" time="0.641" /><testcase classname="backend.tests.test_cash_piloting.TestLinkedFlows" name="test_parent_update_propagates_to_children" time="0.892" /><testcase classname="backend.tests.test_cash_piloting.TestLinkedFlows" name="test_parent_update_propagates_certainty" time="0.891" /><testcase classname="backend.tests.test_cash_piloting.TestMonthDetails" name="test_get_month_details" time="0.111" /><testcase classname="backend.tests.test_cash_piloting.TestMonthDetails" name="test_month_details_with_scenario" time="0.114" /><testcase classname="backend.tests.test_cash_piloting.TestSettings" name="test_get_settings" time="0.160" /><testcase classname="backend.tests.test_cash_piloting.TestSettings" name="test_update_settings" time="0.349" /><testcase classname="backend.tests.test_cash_piloting.TestAPIHealth" name="test_api_root" time="0.111" /><testcase classname="backend.tests.test_phase2_features.TestDistributeMode" name="test_batch_create_with_distribute_mode" time="0.576" /><testcase classname="backend.tests.test_phase2_features.TestDistributeMode" name="test_projection_distributes_amounts_across_periods" time="0.663" /><testcase classname="backend.tests.test_phase2_features.TestDistributeMode" name="test_distribute_mode_last_period_rounding" time="0.916" /><testcase classname="backend.tests.test_phase2_features.TestDistributeMode" name="test_linked_flows_inherit_distribute_mode" time="0.653" /><testcase classname="backend.tests.test_phase2_features.TestDistributeMode" name="test_update_propagates_recurrence_mode_to_children" time="0.859" /><testcase classname="backend.tests.test_phase2_features.TestFlowStatusAndCarryover" name="test_set_flow_occurrence_status" time="0.811" /><testcase classname="backend.tests.test_phase2_features.TestFlowStatusAndCarryover" name="test_unpaid_creates_carryover" time="0.885" /><testcase classname="backend.tests.test_phase2_features.TestFlowStatusAndCarryover" name="test_paid_or_planned_removes_carryover" time="0.992" /><testcase classname="backend.tests.test_phase2_features.TestFlowStatusAndCarryover" name="test_get_flow_occurrences_by_month" time="1.133" /><testcase classname="backend.tests.test_phase2_features.TestFlowStatusAndCarryover" name="test_projection_skips_unpaid_occurrences" time="69.258" /><testcase classname="backend.tests.test_phase2_features.TestFlowStatusAndCarryover" name="test_carryover_appears_in_next_month_projection" time="0.978" /><testcase classname="backend.tests.test_phase2_features.TestMonthDetailsWithStatus" name="test_month_details_returns_flow_status" time="0.809" /><testcase classname="backend.tests.test_phase2_features.TestMonthDetailsWithStatus" name="test_month_details_shows_carryover_flag" time="1.027" /><testcase classname="backend.tests.test_phase2_features.TestDistributeWithCarryover" name="test_distribute_carryover_uses_per_period_amount" time="0.965" /><testcase classname="backend.tests.test_phase2_features.TestAPIHealth" name="test_flow_occurrences_endpoint_exists" time="0.099" /><testcase classname="backend.tests.test_phase2_features.TestAPIHealth" name="test_put_flow_occurrences_endpoint_exists" time="0.101" /></testsuite></testsuites>