<?xml version="1.0" encoding="utf-8"?><testsuites name="pytest tests"><testsuite name="pytest" errors="0" failures="0" skipped="0" tests="21" time="13.808" timestamp="2026-04-09T14:24:37.355842+00:00" hostname="agent-env-ac2af409-ef30-4ed0-9be7-22d18b189e42"><testcase classname="backend.tests.test_phase3_features.TestMatrixEndpoint" name="test_matrix_endpoint_returns_required_fields" time="0.331" /><testcase classname="backend.tests.test_phase3_features.TestMatrixEndpoint" name="test_matrix_net_matches_projection_net" time="0.222" /><testcase classname="backend.tests.test_phase3_features.TestMatrixEndpoint" name="test_matrix_with_entity_filter" time="0.244" /><testcase classname="backend.tests.test_phase3_features.TestMatrixEndpoint" name="test_matrix_with_different_horizons" time="0.432" /><testcase classname="backend.tests.test_phase3_features.TestActualsAndVariance" name="test_record_actual_with_carry_forward" time="0.992" /><testcase classname="backend.tests.test_phase3_features.TestActualsAndVariance" name="test_record_actual_with_write_off" time="0.767" /><testcase classname="backend.tests.test_phase3_features.TestActualsAndVariance" name="test_clear_actual_removes_carryover" time="1.277" /><testcase classname="backend.tests.test_phase3_features.TestActualsAndVariance" name="test_month_details_returns_actuals_info" time="0.798" /><testcase classname="backend.tests.test_phase3_features.TestActualsAndVariance" name="test_projection_uses_actual_when_recorded" time="0.933" /><testcase classname="backend.tests.test_phase3_features.TestUndoSystem" name="test_undo_peek_returns_has_undo_and_description" time="0.123" /><testcase classname="backend.tests.test_phase3_features.TestUndoSystem" name="test_create_flow_pushes_to_undo_stack" time="0.824" /><testcase classname="backend.tests.test_phase3_features.TestUndoSystem" name="test_edit_flow_pushes_to_undo_stack" time="1.373" /><testcase classname="backend.tests.test_phase3_features.TestUndoSystem" name="test_delete_flow_pushes_to_undo_stack" time="1.070" /><testcase classname="backend.tests.test_phase3_features.TestUndoSystem" name="test_batch_create_pushes_one_undo_entry" time="0.878" /><testcase classname="backend.tests.test_phase3_features.TestUndoSystem" name="test_undo_nothing_returns_nothing_to_undo" time="2.340" /><testcase classname="backend.tests.test_phase3_features.TestEntryLogEndpoints" name="test_cash_flows_with_linked_returns_grouped_data" time="0.111" /><testcase classname="backend.tests.test_phase3_features.TestEntryLogEndpoints" name="test_cash_flows_with_linked_shows_linked_indicators" time="0.370" /><testcase classname="backend.tests.test_phase3_features.TestAPIHealth" name="test_projection_matrix_endpoint_exists" time="0.107" /><testcase classname="backend.tests.test_phase3_features.TestAPIHealth" name="test_undo_peek_endpoint_exists" time="0.104" /><testcase classname="backend.tests.test_phase3_features.TestAPIHealth" name="test_undo_endpoint_exists" time="0.133" /><testcase classname="backend.tests.test_phase3_features.TestAPIHealth" name="test_flow_occurrences_delete_endpoint_exists" time="0.100" /></testsuite></testsuites>