<?xml version="1.0" encoding="utf-8"?><testsuites name="pytest tests"><testsuite name="pytest" errors="0" failures="0" skipped="0" tests="13" time="74.697" timestamp="2026-04-09T15:33:31.498629+00:00" hostname="agent-env-ac2af409-ef30-4ed0-9be7-22d18b189e42"><testcase classname="backend.tests.test_phase3_audit_v2.TestBackendMatrixTotals" name="test_matrix_returns_revenue_per_month" time="0.142" /><testcase classname="backend.tests.test_phase3_audit_v2.TestBackendMatrixTotals" name="test_matrix_returns_cost_per_month" time="0.127" /><testcase classname="backend.tests.test_phase3_audit_v2.TestBackendMatrixTotals" name="test_matrix_returns_cash_balance_per_month" time="0.119" /><testcase classname="backend.tests.test_phase3_audit_v2.TestBackendMatrixTotals" name="test_matrix_returns_net_per_month" time="0.125" /><testcase classname="backend.tests.test_phase3_audit_v2.TestBackendMatrixTotals" name="test_matrix_24m_horizon_returns_24_months" time="0.129" /><testcase classname="backend.tests.test_phase3_audit_v2.TestMatrixCellSemantics" name="test_cell_without_actual_has_no_actual_field" time="0.625" /><testcase classname="backend.tests.test_phase3_audit_v2.TestMatrixCellSemantics" name="test_cell_with_actual_shows_actual_planned_variance" time="0.738" /><testcase classname="backend.tests.test_phase3_audit_v2.TestCarryForwardFlow" name="test_carry_forward_creates_carryover_flow" time="0.872" /><testcase classname="backend.tests.test_phase3_audit_v2.TestCarryForwardFlow" name="test_carry_forward_response_includes_target_month" time="0.737" /><testcase classname="backend.tests.test_phase3_audit_v2.TestWriteOffFlow" name="test_write_off_does_not_create_carryover" time="69.090" /><testcase classname="backend.tests.test_phase3_audit_v2.TestUndoChain" name="test_undo_removes_occurrence_and_carryover" time="1.315" /><testcase classname="backend.tests.test_phase3_audit_v2.TestDistributedFlowWithLinkedCOGS" name="test_create_distributed_revenue_with_linked_cogs" time="0.494" /><testcase classname="backend.tests.test_phase3_audit_v2.TestUndoPeek" name="test_undo_peek_returns_has_undo" time="0.116" /></testsuite></testsuites>